2026-05-25 13:57:25 - --- TICK START ---
2026-05-25 13:57:25 - GENERATED: 'Mortal Sigil of Grace' (b1b4beeb-12de-471a-a019-1d8eef48c773) to fill ecosystem.
2026-05-25 13:57:25 - GENERATED: 'Mundane Focus of Iron' (41f2bafa-ab80-4889-8db8-d66fcd926dc5) to fill ecosystem.
2026-05-25 13:57:25 - GENERATED: 'Blessed Bow of Decay' (603f8dff-3498-4bf4-9c68-1b057d809aab) to fill ecosystem.
2026-05-25 13:57:25 - GENERATED: 'Mundane Blade of the Deep' (d6cc22ab-eeb4-4307-8d41-dbdb81d0b78a) to fill ecosystem.
2026-05-25 13:57:25 - GENERATED: 'Glacial Sigil of the Glacier' (f89949e1-a6e3-46b2-a2f7-44d53ce68114) to fill ecosystem.
2026-05-25 13:57:25 - STABLE: 'Mundane Blade of the Deep' did not mutate this tick.
2026-05-25 13:57:25 - --- TICK END ---
2026-05-25 13:57:50 - --- TICK START ---
2026-05-25 13:57:50 - STABLE: 'Unstable Rapier of Might' did not mutate this tick.
2026-05-25 13:57:50 - --- TICK END ---
2026-05-25 13:57:54 - --- TICK START ---
2026-05-25 13:57:54 - MUTATED: 'Unstable Rapier of Might' evolved to generation 2.
2026-05-25 13:57:54 - --- TICK END ---
2026-05-25 13:57:55 - --- TICK START ---
2026-05-25 13:57:55 - STABLE: 'Blessed Bow of Decay' did not mutate this tick.
2026-05-25 13:57:55 - --- TICK END ---
2026-05-25 13:57:57 - --- TICK START ---
2026-05-25 13:57:57 - STABLE: 'Glacial Sigil of the Glacier' did not mutate this tick.
2026-05-25 13:57:57 - --- TICK END ---
2026-05-25 13:57:58 - --- TICK START ---
2026-05-25 13:57:58 - STABLE: 'Zealous Blade of Iron' did not mutate this tick.
2026-05-25 13:57:58 - --- TICK END ---
2026-05-25 13:57:59 - --- TICK START ---
2026-05-25 13:57:59 - STABLE: 'Mundane Focus of Iron' did not mutate this tick.
2026-05-25 13:57:59 - --- TICK END ---
2026-05-25 13:58:05 - --- TICK START ---
2026-05-25 13:58:05 - STABLE: 'Glacial Sigil of the Glacier' did not mutate this tick.
2026-05-25 13:58:05 - --- TICK END ---
2026-05-25 13:58:06 - --- TICK START ---
2026-05-25 13:58:06 - STABLE: 'Mundane Blade of the Deep' did not mutate this tick.
2026-05-25 13:58:06 - --- TICK END ---
2026-05-25 13:58:07 - --- TICK START ---
2026-05-25 13:58:07 - STABLE: 'Mundane Focus of Iron' did not mutate this tick.
2026-05-25 13:58:07 - --- TICK END ---
2026-05-25 13:58:08 - --- TICK START ---
2026-05-25 13:58:08 - STABLE: 'Unstable Rapier of Might' did not mutate this tick.
2026-05-25 13:58:08 - --- TICK END ---
2026-05-25 13:58:09 - --- TICK START ---
2026-05-25 13:58:09 - STABLE: 'Glacial Sigil of the Glacier' did not mutate this tick.
2026-05-25 13:58:09 - --- TICK END ---
2026-05-25 13:58:09 - --- TICK START ---
2026-05-25 13:58:10 - STABLE: 'Mundane Blade of the Deep' did not mutate this tick.
2026-05-25 13:58:10 - --- TICK END ---
2026-05-25 13:58:15 - --- TICK START ---
2026-05-25 13:58:15 - STABLE: 'Glowing Blade of Venom' did not mutate this tick.
2026-05-25 13:58:15 - --- TICK END ---
2026-05-25 13:59:42 - --- TICK START ---
2026-05-25 13:59:42 - MUTATED: 'Glowing Blade of Venom' evolved to generation 2.
2026-05-25 13:59:42 - --- TICK END ---
2026-05-25 13:59:43 - --- TICK START ---
2026-05-25 13:59:43 - STABLE: 'Brittle Core of Blight' did not mutate this tick.
2026-05-25 13:59:43 - --- TICK END ---
2026-05-25 13:59:43 - --- TICK START ---
2026-05-25 13:59:43 - STABLE: 'Mortal Sigil of Grace' did not mutate this tick.
2026-05-25 13:59:43 - --- TICK END ---
2026-05-25 13:59:44 - --- TICK START ---
2026-05-25 13:59:44 - MUTATED: 'Glowing Blade of Venom' evolved to generation 3.
2026-05-25 13:59:44 - --- TICK END ---
2026-05-25 13:59:45 - --- TICK START ---
2026-05-25 13:59:45 - STABLE: 'Brittle Core of Blight' did not mutate this tick.
2026-05-25 13:59:45 - --- TICK END ---
2026-05-25 13:59:59 - --- TICK START ---
2026-05-25 13:59:59 - STABLE: 'Mundane Blade of the Deep' did not mutate this tick.
2026-05-25 13:59:59 - --- TICK END ---
2026-05-25 14:00:09 - --- TICK START ---
2026-05-25 14:00:09 - STABLE: 'Blessed Bow of Decay' did not mutate this tick.
2026-05-25 14:00:09 - --- TICK END ---
2026-05-25 14:00:09 - --- TICK START ---
2026-05-25 14:00:09 - STABLE: 'Ancient Edge of Carnage' did not mutate this tick.
2026-05-25 14:00:09 - --- TICK END ---
2026-05-25 14:00:10 - --- TICK START ---
2026-05-25 14:00:10 - MUTATED: 'Ancient Edge of Carnage' evolved to generation 2.
2026-05-25 14:00:10 - --- TICK END ---
2026-05-25 14:00:11 - --- TICK START ---
2026-05-25 14:00:11 - STABLE: 'Zealous Blade of Iron' did not mutate this tick.
2026-05-25 14:00:11 - --- TICK END ---
2026-05-25 14:00:36 - --- TICK START ---
2026-05-25 14:00:36 - MUTATED: 'Glacial Sigil of the Glacier' evolved to generation 2.
2026-05-25 14:00:36 - --- TICK END ---
2026-05-25 14:00:37 - --- TICK START ---
2026-05-25 14:00:37 - STABLE: 'Mundane Focus of Iron' did not mutate this tick.
2026-05-25 14:00:37 - --- TICK END ---
2026-05-25 14:00:38 - --- TICK START ---
2026-05-25 14:00:38 - MUTATED: 'Mundane Focus of Iron' evolved to generation 2.
2026-05-25 14:00:38 - --- TICK END ---
2026-05-25 14:00:38 - --- TICK START ---
2026-05-25 14:00:38 - STABLE: 'Glacial Sigil of the Glacier' did not mutate this tick.
2026-05-25 14:00:38 - --- TICK END ---
2026-05-25 14:00:39 - --- TICK START ---
2026-05-25 14:00:39 - MUTATED: 'Unstable Rapier of Might' evolved to generation 3.
2026-05-25 14:00:39 - --- TICK END ---
2026-05-25 14:00:40 - --- TICK START ---
2026-05-25 14:00:40 - STABLE: 'Zealous Blade of Iron' did not mutate this tick.
2026-05-25 14:00:40 - --- TICK END ---
2026-05-25 14:00:53 - --- TICK START ---
2026-05-25 14:00:53 - STABLE: 'Glacial Sigil of the Glacier' did not mutate this tick.
2026-05-25 14:00:53 - --- TICK END ---
2026-05-25 14:00:54 - --- TICK START ---
2026-05-25 14:00:54 - STABLE: 'Mundane Blade of the Deep' did not mutate this tick.
2026-05-25 14:00:54 - --- TICK END ---
2026-05-25 14:00:55 - --- TICK START ---
2026-05-25 14:00:55 - STABLE: 'Mortal Sigil of Grace' did not mutate this tick.
2026-05-25 14:00:55 - --- TICK END ---
2026-05-25 14:00:55 - --- TICK START ---
2026-05-25 14:00:55 - STABLE: 'Mundane Focus of Iron' did not mutate this tick.
2026-05-25 14:00:55 - --- TICK END ---
2026-05-25 14:00:56 - --- TICK START ---
2026-05-25 14:00:56 - STABLE: 'Mundane Focus of Iron' did not mutate this tick.
2026-05-25 14:00:56 - --- TICK END ---
2026-05-25 14:00:56 - --- TICK START ---
2026-05-25 14:00:56 - STABLE: 'Mundane Focus of Iron' did not mutate this tick.
2026-05-25 14:00:56 - --- TICK END ---
2026-05-25 14:00:57 - --- TICK START ---
2026-05-25 14:00:57 - STABLE: 'Zealous Blade of Iron' did not mutate this tick.
2026-05-25 14:00:57 - --- TICK END ---
2026-05-25 14:00:58 - --- TICK START ---
2026-05-25 14:00:58 - MUTATED: 'Ancient Edge of Carnage' evolved to generation 3.
2026-05-25 14:00:58 - --- TICK END ---
2026-05-25 14:00:58 - --- TICK START ---
2026-05-25 14:00:58 - MUTATED: 'Glowing Blade of Venom' evolved to generation 4.
2026-05-25 14:00:58 - --- TICK END ---
2026-05-25 14:00:59 - --- TICK START ---
2026-05-25 14:00:59 - MUTATED: 'Unstable Rapier of Might' evolved to generation 4.
2026-05-25 14:00:59 - --- TICK END ---
